<?xml version="1.0" encoding="UTF-8"?>
<testsuite xmlns:xsi="http://www.w3.org/2001/XMLSchema-instance" xsi:noNamespaceSchemaLocation="https://maven.apache.org/surefire/maven-surefire-plugin/xsd/surefire-test-report.xsd" name="com.SpringredeismybatisApplicationTests" time="14.098" tests="1" errors="0" skipped="0" failures="0">
  <properties>
    <property name="sun.desktop" value="windows"/>
    <property name="awt.toolkit" value="sun.awt.windows.WToolkit"/>
    <property name="file.encoding.pkg" value="sun.io"/>
    <property name="java.specification.version" value="1.8"/>
    <property name="sun.cpu.isalist" value="amd64"/>
    <property name="sun.jnu.encoding" value="GBK"/>
    <property name="java.class.path" value="E:\idea-workspace\springredeismybatis\target\test-classes;E:\idea-workspace\springredeismybatis\target\classes;E:\javaee_new\repository\org\springframework\boot\spring-boot-starter-web\2.1.8.RELEASE\spring-boot-starter-web-2.1.8.RELEASE.jar;E:\javaee_new\repository\org\springframework\boot\spring-boot-starter\2.1.8.RELEASE\spring-boot-starter-2.1.8.RELEASE.jar;E:\javaee_new\repository\org\springframework\boot\spring-boot\2.1.8.RELEASE\spring-boot-2.1.8.RELEASE.jar;E:\javaee_new\repository\org\springframework\boot\spring-boot-autoconfigure\2.1.8.RELEASE\spring-boot-autoconfigure-2.1.8.RELEASE.jar;E:\javaee_new\repository\org\springframework\boot\spring-boot-starter-logging\2.1.8.RELEASE\spring-boot-starter-logging-2.1.8.RELEASE.jar;E:\javaee_new\repository\ch\qos\logback\logback-classic\1.2.3\logback-classic-1.2.3.jar;E:\javaee_new\repository\ch\qos\logback\logback-core\1.2.3\logback-core-1.2.3.jar;E:\javaee_new\repository\org\apache\logging\log4j\log4j-to-slf4j\2.11.2\log4j-to-slf4j-2.11.2.jar;E:\javaee_new\repository\org\apache\logging\log4j\log4j-api\2.11.2\log4j-api-2.11.2.jar;E:\javaee_new\repository\org\slf4j\jul-to-slf4j\1.7.28\jul-to-slf4j-1.7.28.jar;E:\javaee_new\repository\javax\annotation\javax.annotation-api\1.3.2\javax.annotation-api-1.3.2.jar;E:\javaee_new\repository\org\yaml\snakeyaml\1.23\snakeyaml-1.23.jar;E:\javaee_new\repository\org\springframework\boot\spring-boot-starter-json\2.1.8.RELEASE\spring-boot-starter-json-2.1.8.RELEASE.jar;E:\javaee_new\repository\com\fasterxml\jackson\core\jackson-databind\2.9.9.3\jackson-databind-2.9.9.3.jar;E:\javaee_new\repository\com\fasterxml\jackson\core\jackson-annotations\2.9.0\jackson-annotations-2.9.0.jar;E:\javaee_new\repository\com\fasterxml\jackson\core\jackson-core\2.9.9\jackson-core-2.9.9.jar;E:\javaee_new\repository\com\fasterxml\jackson\datatype\jackson-datatype-jdk8\2.9.9\jackson-datatype-jdk8-2.9.9.jar;E:\javaee_new\repository\com\fasterxml\jackson\datatype\jackson-datatype-jsr310\2.9.9\jackson-datatype-jsr310-2.9.9.jar;E:\javaee_new\repository\com\fasterxml\jackson\module\jackson-module-parameter-names\2.9.9\jackson-module-parameter-names-2.9.9.jar;E:\javaee_new\repository\org\springframework\boot\spring-boot-starter-tomcat\2.1.8.RELEASE\spring-boot-starter-tomcat-2.1.8.RELEASE.jar;E:\javaee_new\repository\org\apache\tomcat\embed\tomcat-embed-core\9.0.24\tomcat-embed-core-9.0.24.jar;E:\javaee_new\repository\org\apache\tomcat\embed\tomcat-embed-el\9.0.24\tomcat-embed-el-9.0.24.jar;E:\javaee_new\repository\org\apache\tomcat\embed\tomcat-embed-websocket\9.0.24\tomcat-embed-websocket-9.0.24.jar;E:\javaee_new\repository\org\hibernate\validator\hibernate-validator\6.0.17.Final\hibernate-validator-6.0.17.Final.jar;E:\javaee_new\repository\javax\validation\validation-api\2.0.1.Final\validation-api-2.0.1.Final.jar;E:\javaee_new\repository\org\jboss\logging\jboss-logging\3.3.3.Final\jboss-logging-3.3.3.Final.jar;E:\javaee_new\repository\com\fasterxml\classmate\1.4.0\classmate-1.4.0.jar;E:\javaee_new\repository\org\springframework\spring-web\5.1.9.RELEASE\spring-web-5.1.9.RELEASE.jar;E:\javaee_new\repository\org\springframework\spring-beans\5.1.9.RELEASE\spring-beans-5.1.9.RELEASE.jar;E:\javaee_new\repository\org\springframework\spring-webmvc\5.1.9.RELEASE\spring-webmvc-5.1.9.RELEASE.jar;E:\javaee_new\repository\org\springframework\spring-aop\5.1.9.RELEASE\spring-aop-5.1.9.RELEASE.jar;E:\javaee_new\repository\org\springframework\spring-context\5.1.9.RELEASE\spring-context-5.1.9.RELEASE.jar;E:\javaee_new\repository\org\springframework\spring-expression\5.1.9.RELEASE\spring-expression-5.1.9.RELEASE.jar;E:\javaee_new\repository\mysql\mysql-connector-java\8.0.17\mysql-connector-java-8.0.17.jar;E:\javaee_new\repository\org\mybatis\spring\boot\mybatis-spring-boot-starter\1.3.0\mybatis-spring-boot-starter-1.3.0.jar;E:\javaee_new\repository\org\mybatis\spring\boot\mybatis-spring-boot-autoconfigure\1.3.0\mybatis-spring-boot-autoconfigure-1.3.0.jar;E:\javaee_new\repository\org\mybatis\mybatis\3.4.4\mybatis-3.4.4.jar;E:\javaee_new\repository\org\mybatis\mybatis-spring\1.3.1\mybatis-spring-1.3.1.jar;E:\javaee_new\repository\org\mybatis\generator\mybatis-generator-core\1.3.2\mybatis-generator-core-1.3.2.jar;E:\javaee_new\repository\org\springframework\boot\spring-boot-starter-jdbc\2.1.8.RELEASE\spring-boot-starter-jdbc-2.1.8.RELEASE.jar;E:\javaee_new\repository\com\zaxxer\HikariCP\3.2.0\HikariCP-3.2.0.jar;E:\javaee_new\repository\org\slf4j\slf4j-api\1.7.28\slf4j-api-1.7.28.jar;E:\javaee_new\repository\org\springframework\spring-jdbc\5.1.9.RELEASE\spring-jdbc-5.1.9.RELEASE.jar;E:\javaee_new\repository\org\springframework\spring-tx\5.1.9.RELEASE\spring-tx-5.1.9.RELEASE.jar;E:\javaee_new\repository\com\alibaba\fastjson\1.2.7\fastjson-1.2.7.jar;E:\javaee_new\repository\com\alibaba\druid\1.1.10\druid-1.1.10.jar;E:\javaee_new\repository\org\springframework\boot\spring-boot-starter-test\2.1.8.RELEASE\spring-boot-starter-test-2.1.8.RELEASE.jar;E:\javaee_new\repository\org\springframework\boot\spring-boot-test\2.1.8.RELEASE\spring-boot-test-2.1.8.RELEASE.jar;E:\javaee_new\repository\org\springframework\boot\spring-boot-test-autoconfigure\2.1.8.RELEASE\spring-boot-test-autoconfigure-2.1.8.RELEASE.jar;E:\javaee_new\repository\com\jayway\jsonpath\json-path\2.4.0\json-path-2.4.0.jar;E:\javaee_new\repository\net\minidev\json-smart\2.3\json-smart-2.3.jar;E:\javaee_new\repository\net\minidev\accessors-smart\1.2\accessors-smart-1.2.jar;E:\javaee_new\repository\org\ow2\asm\asm\5.0.4\asm-5.0.4.jar;E:\javaee_new\repository\junit\junit\4.12\junit-4.12.jar;E:\javaee_new\repository\org\assertj\assertj-core\3.11.1\assertj-core-3.11.1.jar;E:\javaee_new\repository\org\mockito\mockito-core\2.23.4\mockito-core-2.23.4.jar;E:\javaee_new\repository\net\bytebuddy\byte-buddy\1.9.16\byte-buddy-1.9.16.jar;E:\javaee_new\repository\net\bytebuddy\byte-buddy-agent\1.9.16\byte-buddy-agent-1.9.16.jar;E:\javaee_new\repository\org\objenesis\objenesis\2.6\objenesis-2.6.jar;E:\javaee_new\repository\org\hamcrest\hamcrest-core\1.3\hamcrest-core-1.3.jar;E:\javaee_new\repository\org\hamcrest\hamcrest-library\1.3\hamcrest-library-1.3.jar;E:\javaee_new\repository\org\skyscreamer\jsonassert\1.5.0\jsonassert-1.5.0.jar;E:\javaee_new\repository\com\vaadin\external\google\android-json\0.0.20131108.vaadin1\android-json-0.0.20131108.vaadin1.jar;E:\javaee_new\repository\org\springframework\spring-core\5.1.9.RELEASE\spring-core-5.1.9.RELEASE.jar;E:\javaee_new\repository\org\springframework\spring-jcl\5.1.9.RELEASE\spring-jcl-5.1.9.RELEASE.jar;E:\javaee_new\repository\org\springframework\spring-test\5.1.9.RELEASE\spring-test-5.1.9.RELEASE.jar;E:\javaee_new\repository\org\xmlunit\xmlunit-core\2.6.3\xmlunit-core-2.6.3.jar;E:\javaee_new\repository\org\springframework\boot\spring-boot-starter-data-redis\2.1.8.RELEASE\spring-boot-starter-data-redis-2.1.8.RELEASE.jar;E:\javaee_new\repository\org\springframework\data\spring-data-redis\2.1.10.RELEASE\spring-data-redis-2.1.10.RELEASE.jar;E:\javaee_new\repository\org\springframework\data\spring-data-keyvalue\2.1.10.RELEASE\spring-data-keyvalue-2.1.10.RELEASE.jar;E:\javaee_new\repository\org\springframework\data\spring-data-commons\2.1.10.RELEASE\spring-data-commons-2.1.10.RELEASE.jar;E:\javaee_new\repository\org\springframework\spring-oxm\5.1.9.RELEASE\spring-oxm-5.1.9.RELEASE.jar;E:\javaee_new\repository\org\springframework\spring-context-support\5.1.9.RELEASE\spring-context-support-5.1.9.RELEASE.jar;E:\javaee_new\repository\io\lettuce\lettuce-core\5.1.8.RELEASE\lettuce-core-5.1.8.RELEASE.jar;E:\javaee_new\repository\io\netty\netty-common\4.1.39.Final\netty-common-4.1.39.Final.jar;E:\javaee_new\repository\io\netty\netty-handler\4.1.39.Final\netty-handler-4.1.39.Final.jar;E:\javaee_new\repository\io\netty\netty-buffer\4.1.39.Final\netty-buffer-4.1.39.Final.jar;E:\javaee_new\repository\io\netty\netty-codec\4.1.39.Final\netty-codec-4.1.39.Final.jar;E:\javaee_new\repository\io\netty\netty-transport\4.1.39.Final\netty-transport-4.1.39.Final.jar;E:\javaee_new\repository\io\netty\netty-resolver\4.1.39.Final\netty-resolver-4.1.39.Final.jar;E:\javaee_new\repository\io\projectreactor\reactor-core\3.2.12.RELEASE\reactor-core-3.2.12.RELEASE.jar;E:\javaee_new\repository\org\reactivestreams\reactive-streams\1.0.3\reactive-streams-1.0.3.jar;"/>
    <property name="java.vm.vendor" value="Oracle Corporation"/>
    <property name="sun.arch.data.model" value="64"/>
    <property name="user.variant" value=""/>
    <property name="java.vendor.url" value="http://java.oracle.com/"/>
    <property name="user.timezone" value="Asia/Shanghai"/>
    <property name="java.vm.specification.version" value="1.8"/>
    <property name="os.name" value="Windows 10"/>
    <property name="user.country" value="CN"/>
    <property name="sun.java.launcher" value="SUN_STANDARD"/>
    <property name="sun.boot.library.path" value="D:\delepo\Java\jdk1.8.0_201\jre\bin"/>
    <property name="sun.java.command" value="C:\Users\金\AppData\Local\Temp\surefire2926684173753741570\surefirebooter8143252815176693385.jar C:\Users\金\AppData\Local\Temp\surefire2926684173753741570 2019-11-03T20-35-35_741-jvmRun1 surefire3599588968077887039tmp surefire_06696812374392994601tmp"/>
    <property name="surefire.test.class.path" value="E:\idea-workspace\springredeismybatis\target\test-classes;E:\idea-workspace\springredeismybatis\target\classes;E:\javaee_new\repository\org\springframework\boot\spring-boot-starter-web\2.1.8.RELEASE\spring-boot-starter-web-2.1.8.RELEASE.jar;E:\javaee_new\repository\org\springframework\boot\spring-boot-starter\2.1.8.RELEASE\spring-boot-starter-2.1.8.RELEASE.jar;E:\javaee_new\repository\org\springframework\boot\spring-boot\2.1.8.RELEASE\spring-boot-2.1.8.RELEASE.jar;E:\javaee_new\repository\org\springframework\boot\spring-boot-autoconfigure\2.1.8.RELEASE\spring-boot-autoconfigure-2.1.8.RELEASE.jar;E:\javaee_new\repository\org\springframework\boot\spring-boot-starter-logging\2.1.8.RELEASE\spring-boot-starter-logging-2.1.8.RELEASE.jar;E:\javaee_new\repository\ch\qos\logback\logback-classic\1.2.3\logback-classic-1.2.3.jar;E:\javaee_new\repository\ch\qos\logback\logback-core\1.2.3\logback-core-1.2.3.jar;E:\javaee_new\repository\org\apache\logging\log4j\log4j-to-slf4j\2.11.2\log4j-to-slf4j-2.11.2.jar;E:\javaee_new\repository\org\apache\logging\log4j\log4j-api\2.11.2\log4j-api-2.11.2.jar;E:\javaee_new\repository\org\slf4j\jul-to-slf4j\1.7.28\jul-to-slf4j-1.7.28.jar;E:\javaee_new\repository\javax\annotation\javax.annotation-api\1.3.2\javax.annotation-api-1.3.2.jar;E:\javaee_new\repository\org\yaml\snakeyaml\1.23\snakeyaml-1.23.jar;E:\javaee_new\repository\org\springframework\boot\spring-boot-starter-json\2.1.8.RELEASE\spring-boot-starter-json-2.1.8.RELEASE.jar;E:\javaee_new\repository\com\fasterxml\jackson\core\jackson-databind\2.9.9.3\jackson-databind-2.9.9.3.jar;E:\javaee_new\repository\com\fasterxml\jackson\core\jackson-annotations\2.9.0\jackson-annotations-2.9.0.jar;E:\javaee_new\repository\com\fasterxml\jackson\core\jackson-core\2.9.9\jackson-core-2.9.9.jar;E:\javaee_new\repository\com\fasterxml\jackson\datatype\jackson-datatype-jdk8\2.9.9\jackson-datatype-jdk8-2.9.9.jar;E:\javaee_new\repository\com\fasterxml\jackson\datatype\jackson-datatype-jsr310\2.9.9\jackson-datatype-jsr310-2.9.9.jar;E:\javaee_new\repository\com\fasterxml\jackson\module\jackson-module-parameter-names\2.9.9\jackson-module-parameter-names-2.9.9.jar;E:\javaee_new\repository\org\springframework\boot\spring-boot-starter-tomcat\2.1.8.RELEASE\spring-boot-starter-tomcat-2.1.8.RELEASE.jar;E:\javaee_new\repository\org\apache\tomcat\embed\tomcat-embed-core\9.0.24\tomcat-embed-core-9.0.24.jar;E:\javaee_new\repository\org\apache\tomcat\embed\tomcat-embed-el\9.0.24\tomcat-embed-el-9.0.24.jar;E:\javaee_new\repository\org\apache\tomcat\embed\tomcat-embed-websocket\9.0.24\tomcat-embed-websocket-9.0.24.jar;E:\javaee_new\repository\org\hibernate\validator\hibernate-validator\6.0.17.Final\hibernate-validator-6.0.17.Final.jar;E:\javaee_new\repository\javax\validation\validation-api\2.0.1.Final\validation-api-2.0.1.Final.jar;E:\javaee_new\repository\org\jboss\logging\jboss-logging\3.3.3.Final\jboss-logging-3.3.3.Final.jar;E:\javaee_new\repository\com\fasterxml\classmate\1.4.0\classmate-1.4.0.jar;E:\javaee_new\repository\org\springframework\spring-web\5.1.9.RELEASE\spring-web-5.1.9.RELEASE.jar;E:\javaee_new\repository\org\springframework\spring-beans\5.1.9.RELEASE\spring-beans-5.1.9.RELEASE.jar;E:\javaee_new\repository\org\springframework\spring-webmvc\5.1.9.RELEASE\spring-webmvc-5.1.9.RELEASE.jar;E:\javaee_new\repository\org\springframework\spring-aop\5.1.9.RELEASE\spring-aop-5.1.9.RELEASE.jar;E:\javaee_new\repository\org\springframework\spring-context\5.1.9.RELEASE\spring-context-5.1.9.RELEASE.jar;E:\javaee_new\repository\org\springframework\spring-expression\5.1.9.RELEASE\spring-expression-5.1.9.RELEASE.jar;E:\javaee_new\repository\mysql\mysql-connector-java\8.0.17\mysql-connector-java-8.0.17.jar;E:\javaee_new\repository\org\mybatis\spring\boot\mybatis-spring-boot-starter\1.3.0\mybatis-spring-boot-starter-1.3.0.jar;E:\javaee_new\repository\org\mybatis\spring\boot\mybatis-spring-boot-autoconfigure\1.3.0\mybatis-spring-boot-autoconfigure-1.3.0.jar;E:\javaee_new\repository\org\mybatis\mybatis\3.4.4\mybatis-3.4.4.jar;E:\javaee_new\repository\org\mybatis\mybatis-spring\1.3.1\mybatis-spring-1.3.1.jar;E:\javaee_new\repository\org\mybatis\generator\mybatis-generator-core\1.3.2\mybatis-generator-core-1.3.2.jar;E:\javaee_new\repository\org\springframework\boot\spring-boot-starter-jdbc\2.1.8.RELEASE\spring-boot-starter-jdbc-2.1.8.RELEASE.jar;E:\javaee_new\repository\com\zaxxer\HikariCP\3.2.0\HikariCP-3.2.0.jar;E:\javaee_new\repository\org\slf4j\slf4j-api\1.7.28\slf4j-api-1.7.28.jar;E:\javaee_new\repository\org\springframework\spring-jdbc\5.1.9.RELEASE\spring-jdbc-5.1.9.RELEASE.jar;E:\javaee_new\repository\org\springframework\spring-tx\5.1.9.RELEASE\spring-tx-5.1.9.RELEASE.jar;E:\javaee_new\repository\com\alibaba\fastjson\1.2.7\fastjson-1.2.7.jar;E:\javaee_new\repository\com\alibaba\druid\1.1.10\druid-1.1.10.jar;E:\javaee_new\repository\org\springframework\boot\spring-boot-starter-test\2.1.8.RELEASE\spring-boot-starter-test-2.1.8.RELEASE.jar;E:\javaee_new\repository\org\springframework\boot\spring-boot-test\2.1.8.RELEASE\spring-boot-test-2.1.8.RELEASE.jar;E:\javaee_new\repository\org\springframework\boot\spring-boot-test-autoconfigure\2.1.8.RELEASE\spring-boot-test-autoconfigure-2.1.8.RELEASE.jar;E:\javaee_new\repository\com\jayway\jsonpath\json-path\2.4.0\json-path-2.4.0.jar;E:\javaee_new\repository\net\minidev\json-smart\2.3\json-smart-2.3.jar;E:\javaee_new\repository\net\minidev\accessors-smart\1.2\accessors-smart-1.2.jar;E:\javaee_new\repository\org\ow2\asm\asm\5.0.4\asm-5.0.4.jar;E:\javaee_new\repository\junit\junit\4.12\junit-4.12.jar;E:\javaee_new\repository\org\assertj\assertj-core\3.11.1\assertj-core-3.11.1.jar;E:\javaee_new\repository\org\mockito\mockito-core\2.23.4\mockito-core-2.23.4.jar;E:\javaee_new\repository\net\bytebuddy\byte-buddy\1.9.16\byte-buddy-1.9.16.jar;E:\javaee_new\repository\net\bytebuddy\byte-buddy-agent\1.9.16\byte-buddy-agent-1.9.16.jar;E:\javaee_new\repository\org\objenesis\objenesis\2.6\objenesis-2.6.jar;E:\javaee_new\repository\org\hamcrest\hamcrest-core\1.3\hamcrest-core-1.3.jar;E:\javaee_new\repository\org\hamcrest\hamcrest-library\1.3\hamcrest-library-1.3.jar;E:\javaee_new\repository\org\skyscreamer\jsonassert\1.5.0\jsonassert-1.5.0.jar;E:\javaee_new\repository\com\vaadin\external\google\android-json\0.0.20131108.vaadin1\android-json-0.0.20131108.vaadin1.jar;E:\javaee_new\repository\org\springframework\spring-core\5.1.9.RELEASE\spring-core-5.1.9.RELEASE.jar;E:\javaee_new\repository\org\springframework\spring-jcl\5.1.9.RELEASE\spring-jcl-5.1.9.RELEASE.jar;E:\javaee_new\repository\org\springframework\spring-test\5.1.9.RELEASE\spring-test-5.1.9.RELEASE.jar;E:\javaee_new\repository\org\xmlunit\xmlunit-core\2.6.3\xmlunit-core-2.6.3.jar;E:\javaee_new\repository\org\springframework\boot\spring-boot-starter-data-redis\2.1.8.RELEASE\spring-boot-starter-data-redis-2.1.8.RELEASE.jar;E:\javaee_new\repository\org\springframework\data\spring-data-redis\2.1.10.RELEASE\spring-data-redis-2.1.10.RELEASE.jar;E:\javaee_new\repository\org\springframework\data\spring-data-keyvalue\2.1.10.RELEASE\spring-data-keyvalue-2.1.10.RELEASE.jar;E:\javaee_new\repository\org\springframework\data\spring-data-commons\2.1.10.RELEASE\spring-data-commons-2.1.10.RELEASE.jar;E:\javaee_new\repository\org\springframework\spring-oxm\5.1.9.RELEASE\spring-oxm-5.1.9.RELEASE.jar;E:\javaee_new\repository\org\springframework\spring-context-support\5.1.9.RELEASE\spring-context-support-5.1.9.RELEASE.jar;E:\javaee_new\repository\io\lettuce\lettuce-core\5.1.8.RELEASE\lettuce-core-5.1.8.RELEASE.jar;E:\javaee_new\repository\io\netty\netty-common\4.1.39.Final\netty-common-4.1.39.Final.jar;E:\javaee_new\repository\io\netty\netty-handler\4.1.39.Final\netty-handler-4.1.39.Final.jar;E:\javaee_new\repository\io\netty\netty-buffer\4.1.39.Final\netty-buffer-4.1.39.Final.jar;E:\javaee_new\repository\io\netty\netty-codec\4.1.39.Final\netty-codec-4.1.39.Final.jar;E:\javaee_new\repository\io\netty\netty-transport\4.1.39.Final\netty-transport-4.1.39.Final.jar;E:\javaee_new\repository\io\netty\netty-resolver\4.1.39.Final\netty-resolver-4.1.39.Final.jar;E:\javaee_new\repository\io\projectreactor\reactor-core\3.2.12.RELEASE\reactor-core-3.2.12.RELEASE.jar;E:\javaee_new\repository\org\reactivestreams\reactive-streams\1.0.3\reactive-streams-1.0.3.jar;"/>
    <property name="sun.cpu.endian" value="little"/>
    <property name="user.home" value="C:\Users\金"/>
    <property name="user.language" value="zh"/>
    <property name="java.specification.vendor" value="Oracle Corporation"/>
    <property name="java.home" value="D:\delepo\Java\jdk1.8.0_201\jre"/>
    <property name="basedir" value="E:\idea-workspace\springredeismybatis"/>
    <property name="file.separator" value="\"/>
    <property name="line.separator" value="&#10;"/>
    <property name="java.vm.specification.vendor" value="Oracle Corporation"/>
    <property name="java.specification.name" value="Java Platform API Specification"/>
    <property name="java.awt.graphicsenv" value="sun.awt.Win32GraphicsEnvironment"/>
    <property name="surefire.real.class.path" value="C:\Users\金\AppData\Local\Temp\surefire2926684173753741570\surefirebooter8143252815176693385.jar"/>
    <property name="sun.boot.class.path" value="D:\delepo\Java\jdk1.8.0_201\jre\lib\resources.jar;D:\delepo\Java\jdk1.8.0_201\jre\lib\rt.jar;D:\delepo\Java\jdk1.8.0_201\jre\lib\sunrsasign.jar;D:\delepo\Java\jdk1.8.0_201\jre\lib\jsse.jar;D:\delepo\Java\jdk1.8.0_201\jre\lib\jce.jar;D:\delepo\Java\jdk1.8.0_201\jre\lib\charsets.jar;D:\delepo\Java\jdk1.8.0_201\jre\lib\jfr.jar;D:\delepo\Java\jdk1.8.0_201\jre\classes"/>
    <property name="user.script" value=""/>
    <property name="sun.management.compiler" value="HotSpot 64-Bit Tiered Compilers"/>
    <property name="java.runtime.version" value="1.8.0_201-b09"/>
    <property name="user.name" value="金"/>
    <property name="path.separator" value=";"/>
    <property name="os.version" value="10.0"/>
    <property name="java.endorsed.dirs" value="D:\delepo\Java\jdk1.8.0_201\jre\lib\endorsed"/>
    <property name="java.runtime.name" value="Java(TM) SE Runtime Environment"/>
    <property name="file.encoding" value="GBK"/>
    <property name="java.vm.name" value="Java HotSpot(TM) 64-Bit Server VM"/>
    <property name="localRepository" value="E:\javaee_new\repository"/>
    <property name="java.vendor.url.bug" value="http://bugreport.sun.com/bugreport/"/>
    <property name="java.io.tmpdir" value="C:\Users\金\AppData\Local\Temp\"/>
    <property name="idea.version" value="2018.3.6"/>
    <property name="java.version" value="1.8.0_201"/>
    <property name="user.dir" value="E:\idea-workspace\springredeismybatis"/>
    <property name="os.arch" value="amd64"/>
    <property name="java.vm.specification.name" value="Java Virtual Machine Specification"/>
    <property name="java.awt.printerjob" value="sun.awt.windows.WPrinterJob"/>
    <property name="sun.os.patch.level" value=""/>
    <property name="java.library.path" value="D:\delepo\Java\jdk1.8.0_201\jre\bin;C:\Windows\Sun\Java\bin;C:\Windows\system32;C:\Windows;D:\app\Adminoracle\product\11.2.0\dbhome_1\bin;C:\Windows\system32;C:\Windows;C:\Windows\System32\Wbem;C:\Windows\System32\WindowsPowerShell\v1.0\;C:\Windows\System32\OpenSSH\;C:\Program Files (x86)\AMD\ATI.ACE\Core-Static;C:\Program Files\MySQL\MySQL Server 5.5\bin;D:\delepo\Java\jdk1.8.0_201\bin;D:\Program Files\Tencent\QQ\bin;E:\apache-maven-3.6.0\bin;E:\Git_2.2.1\bin;C:\Users\金\AppData\Local\Microsoft\WindowsApps;;E:\SSH;."/>
    <property name="java.vm.info" value="mixed mode"/>
    <property name="java.vendor" value="Oracle Corporation"/>
    <property name="java.vm.version" value="25.201-b09"/>
    <property name="java.ext.dirs" value="D:\delepo\Java\jdk1.8.0_201\jre\lib\ext;C:\Windows\Sun\Java\lib\ext"/>
    <property name="sun.io.unicode.encoding" value="UnicodeLittle"/>
    <property name="maven.repo.local" value="E:\javaee_new\repository"/>
    <property name="java.class.version" value="52.0"/>
  </properties>
  <testcase name="contextLoads" classname="com.SpringredeismybatisApplicationTests" time="0.967"/>
</testsuite>